[2024-09-10T12:51:12.961112+02:00] ipt10.WARNING: [YOUR COMPLETE NAME] [] []
[2024-09-10T12:51:12.962348+02:00] ipt10.ERROR: [YOUR EMAIL ADDRESS] [] []
[2024-09-10T12:51:12.962380+02:00] ipt10.INFO: profile {"student_number":"[YOUR STUDENT NUMBER]","college":"[COLLEGE NAME]","program":"[PROGRAM NAME]","university":"[UNIVERSITY NAME]"} []
[2024-09-10T12:51:12.962925+02:00] ipt10.INFO: data {"data":[100,345,4563,65,234,6734,-99]} []
[2024-09-10T12:51:12.962978+02:00] ipt10.INFO: Average {"average":1706} []
[2024-09-10T12:51:12.963028+02:00] ipt10.INFO: Largest {"largest":6734} []
[2024-09-10T12:51:12.963074+02:00] ipt10.INFO: Smallest {"smallest":-99} []
[2024-09-10T12:51:12.963103+02:00] ipt10.INFO: object {"object":{"TestClass":[]}} []
[2024-09-10T13:11:31.390131+02:00] ipt10.WARNING: [YOUR COMPLETE NAME] [] []
[2024-09-10T13:11:31.391417+02:00] ipt10.ERROR: [YOUR EMAIL ADDRESS] [] []
[2024-09-10T13:11:31.391450+02:00] ipt10.INFO: profile {"student_number":"[YOUR STUDENT NUMBER]","college":"[COLLEGE NAME]","program":"[PROGRAM NAME]","university":"[UNIVERSITY NAME]"} []
[2024-09-10T13:11:31.391510+02:00] ipt10.INFO: data {"data":[100,345,4563,65,234,6734,-99]} []
[2024-09-10T13:11:31.391532+02:00] ipt10.INFO: Average {"average":1706} []
[2024-09-10T13:11:31.391550+02:00] ipt10.INFO: Largest {"largest":6734} []
[2024-09-10T13:11:31.391566+02:00] ipt10.INFO: Smallest {"smallest":-99} []
[2024-09-10T13:11:31.391602+02:00] ipt10.INFO: object {"object":{"TestClass":[]}} []
[2024-09-10T13:15:15.335542+02:00] ipt10.WARNING: [YOUR COMPLETE NAME] [] []
[2024-09-10T13:15:15.336669+02:00] ipt10.ERROR: [YOUR EMAIL ADDRESS] [] []
[2024-09-10T13:15:15.336699+02:00] ipt10.INFO: profile {"student_number":"[YOUR STUDENT NUMBER]","college":"[COLLEGE NAME]","program":"[PROGRAM NAME]","university":"[UNIVERSITY NAME]"} []
[2024-09-10T13:15:15.336743+02:00] ipt10.INFO: data {"data":[100,345,4563,65,234,6734,-99]} []
[2024-09-10T13:15:15.336765+02:00] ipt10.INFO: Average {"average":1706} []
[2024-09-10T13:15:15.336782+02:00] ipt10.INFO: Largest {"largest":6734} []
[2024-09-10T13:15:15.336798+02:00] ipt10.INFO: Smallest {"smallest":-99} []
[2024-09-10T13:15:15.336815+02:00] ipt10.INFO: object {"object":{"TestClass":[]}} []
